[0m17:41:03.191909 [debug] [MainThread]: Sending event: {'category': 'dbt', 'action': 'invocation', 'label': 'start', 'context': [<snowplow_tracker.self_describing_json.SelfDescribingJson object at 0x109142730>, <snowplow_tracker.self_describing_json.SelfDescribingJson object at 0x10a1c09a0>, <snowplow_tracker.self_describing_json.SelfDescribingJson object at 0x10a1c07c0>]}


============================== 17:41:03.199964 | c8bb95c3-3ff1-44ad-a7cc-0b7fe2b2ecae ==============================
[0m17:41:03.199964 [info ] [MainThread]: Running with dbt=1.10.15
[0m17:41:03.200815 [debug] [MainThread]: running dbt with arguments {'log_format': 'default', 'version_check': 'True', 'target_path': 'None', 'warn_error': 'None', 'log_path': 'logs', 'indirect_selection': 'eager', 'static_parser': 'True', 'send_anonymous_usage_stats': 'True', 'invocation_command': 'dbt init dbt_project', 'quiet': 'False', 'no_print': 'None', 'log_cache_events': 'False', 'empty': 'None', 'use_experimental_parser': 'False', 'use_colors': 'True', 'fail_fast': 'False', 'printer_width': '80', 'warn_error_options': 'WarnErrorOptionsV2(error=[], warn=[], silence=[])', 'write_json': 'True', 'cache_selected_only': 'False', 'debug': 'False', 'introspect': 'True', 'partial_parse': 'True', 'profiles_dir': '/Users/nagasaigopaltarigopula/.dbt'}
[0m17:41:03.244135 [debug] [MainThread]: Starter project path: /Users/nagasaigopaltarigopula/Library/Python/3.9/lib/python/site-packages/dbt/include/starter_project
[0m17:41:03.255887 [info ] [MainThread]: 
Your new dbt project "dbt_project" was created!

For more information on how to configure the profiles.yml file,
please consult the dbt documentation here:

  https://docs.getdbt.com/docs/configure-your-profile

One more thing:

Need help? Don't hesitate to reach out to us via GitHub issues or on Slack:

  https://community.getdbt.com/

Happy modeling!

[0m17:41:03.256498 [info ] [MainThread]: Setting up your profile.
[0m17:42:46.142312 [info ] [MainThread]: Profile dbt_project written to /Users/nagasaigopaltarigopula/.dbt/profiles.yml using target's profile_template.yml and your supplied values. Run 'dbt debug' to validate the connection.
[0m17:42:46.146921 [debug] [MainThread]: Resource report: {"command_name": "init", "command_success": true, "command_wall_clock_time": 103.110176, "process_in_blocks": "0", "process_kernel_time": 0.705782, "process_mem_max_rss": "93085696", "process_out_blocks": "0", "process_user_time": 2.158152}
[0m17:42:46.147620 [debug] [MainThread]: Command `dbt init` succeeded at 17:42:46.147464 after 103.11 seconds
[0m17:42:46.148105 [debug] [MainThread]: Sending event: {'category': 'dbt', 'action': 'invocation', 'label': 'end', 'context': [<snowplow_tracker.self_describing_json.SelfDescribingJson object at 0x109142730>, <snowplow_tracker.self_describing_json.SelfDescribingJson object at 0x109be3c40>, <snowplow_tracker.self_describing_json.SelfDescribingJson object at 0x10a1c0670>]}
[0m17:42:46.148610 [debug] [MainThread]: Flushing usage events
[0m17:42:46.726579 [debug] [MainThread]: An error was encountered while trying to flush usage events
[0m19:22:02.815791 [debug] [MainThread]: Sending event: {'category': 'dbt', 'action': 'invocation', 'label': 'start', 'context': [<snowplow_tracker.self_describing_json.SelfDescribingJson object at 0x1112d3700>, <snowplow_tracker.self_describing_json.SelfDescribingJson object at 0x112350a30>, <snowplow_tracker.self_describing_json.SelfDescribingJson object at 0x112350850>]}


============================== 19:22:02.822069 | d1126537-192d-4bfb-95fa-aa464b588ea8 ==============================
[0m19:22:02.822069 [info ] [MainThread]: Running with dbt=1.10.15
[0m19:22:02.822924 [debug] [MainThread]: running dbt with arguments {'write_json': 'True', 'warn_error_options': 'WarnErrorOptionsV2(error=[], warn=[], silence=[])', 'invocation_command': 'dbt debug', 'send_anonymous_usage_stats': 'True', 'log_path': 'logs', 'target_path': 'None', 'introspect': 'True', 'use_colors': 'True', 'use_experimental_parser': 'False', 'version_check': 'True', 'empty': 'None', 'partial_parse': 'True', 'fail_fast': 'False', 'profiles_dir': '/Users/nagasaigopaltarigopula/.dbt', 'indirect_selection': 'eager', 'static_parser': 'True', 'cache_selected_only': 'False', 'no_print': 'None', 'warn_error': 'None', 'quiet': 'False', 'log_cache_events': 'False', 'log_format': 'default', 'printer_width': '80', 'debug': 'False'}
[0m19:22:02.848663 [info ] [MainThread]: dbt version: 1.10.15
[0m19:22:02.849443 [info ] [MainThread]: python version: 3.9.6
[0m19:22:02.850060 [info ] [MainThread]: python path: /Library/Developer/CommandLineTools/usr/bin/python3
[0m19:22:02.850588 [info ] [MainThread]: os info: macOS-13.7.6-x86_64-i386-64bit
[0m19:22:02.961090 [info ] [MainThread]: Using profiles dir at /Users/nagasaigopaltarigopula/.dbt
[0m19:22:02.961681 [info ] [MainThread]: Using profiles.yml file at /Users/nagasaigopaltarigopula/.dbt/profiles.yml
[0m19:22:02.962156 [info ] [MainThread]: Using dbt_project.yml file at /Users/nagasaigopaltarigopula/airflow_clean/dbt_project.yml
[0m19:22:02.963262 [info ] [MainThread]: adapter type: postgres
[0m19:22:02.963821 [info ] [MainThread]: adapter version: 1.9.1
[0m19:22:02.964277 [info ] [MainThread]: Configuration:
[0m19:22:02.964810 [info ] [MainThread]:   profiles.yml file [[32mOK found and valid[0m]
[0m19:22:02.965189 [info ] [MainThread]:   dbt_project.yml file [[31mERROR not found[0m]
[0m19:22:02.965597 [info ] [MainThread]: Required dependencies:
[0m19:22:02.966261 [debug] [MainThread]: Executing "git --help"
[0m19:22:02.979136 [debug] [MainThread]: STDOUT: "b"usage: git [--version] [--help] [-C <path>] [-c name=value]\n           [--exec-path[=<path>]] [--html-path] [--man-path] [--info-path]\n           [-p | --paginate | --no-pager] [--no-replace-objects] [--bare]\n           [--git-dir=<path>] [--work-tree=<path>] [--namespace=<name>]\n           <command> [<args>]\n\nThese are common Git commands used in various situations:\n\nstart a working area (see also: git help tutorial)\n   clone      Clone a repository into a new directory\n   init       Create an empty Git repository or reinitialize an existing one\n\nwork on the current change (see also: git help everyday)\n   add        Add file contents to the index\n   mv         Move or rename a file, a directory, or a symlink\n   reset      Reset current HEAD to the specified state\n   rm         Remove files from the working tree and from the index\n\nexamine the history and state (see also: git help revisions)\n   bisect     Use binary search to find the commit that introduced a bug\n   grep       Print lines matching a pattern\n   log        Show commit logs\n   show       Show various types of objects\n   status     Show the working tree status\n\ngrow, mark and tweak your common history\n   branch     List, create, or delete branches\n   checkout   Switch branches or restore working tree files\n   commit     Record changes to the repository\n   diff       Show changes between commits, commit and working tree, etc\n   merge      Join two or more development histories together\n   rebase     Reapply commits on top of another base tip\n   tag        Create, list, delete or verify a tag object signed with GPG\n\ncollaborate (see also: git help workflows)\n   fetch      Download objects and refs from another repository\n   pull       Fetch from and integrate with another repository or a local branch\n   push       Update remote refs along with associated objects\n\n'git help -a' and 'git help -g' list available subcommands and some\nconcept guides. See 'git help <command>' or 'git help <concept>'\nto read about a specific subcommand or concept.\n""
[0m19:22:02.980073 [debug] [MainThread]: STDERR: "b''"
[0m19:22:02.980490 [info ] [MainThread]:  - git [[32mOK found[0m]

[0m19:22:02.980976 [info ] [MainThread]: Connection:
[0m19:22:02.981498 [info ] [MainThread]:   host: airflow_clean-postgres-1
[0m19:22:02.982028 [info ] [MainThread]:   port: 5432
[0m19:22:02.982433 [info ] [MainThread]:   user: airflow
[0m19:22:02.982854 [info ] [MainThread]:   database: airflow
[0m19:22:02.983268 [info ] [MainThread]:   schema: public
[0m19:22:02.983684 [info ] [MainThread]:   connect_timeout: 10
[0m19:22:02.984076 [info ] [MainThread]:   role: None
[0m19:22:02.984458 [info ] [MainThread]:   search_path: None
[0m19:22:02.984814 [info ] [MainThread]:   keepalives_idle: 0
[0m19:22:02.985216 [info ] [MainThread]:   sslmode: None
[0m19:22:02.985701 [info ] [MainThread]:   sslcert: None
[0m19:22:02.986151 [info ] [MainThread]:   sslkey: None
[0m19:22:02.986644 [info ] [MainThread]:   sslrootcert: None
[0m19:22:02.987040 [info ] [MainThread]:   application_name: dbt
[0m19:22:02.987426 [info ] [MainThread]:   retries: 1
[0m19:22:02.988266 [info ] [MainThread]: Registered adapter: postgres=1.9.1
[0m19:22:03.260388 [debug] [MainThread]: Acquiring new postgres connection 'debug'
[0m19:22:03.321520 [debug] [MainThread]: Using postgres connection "debug"
[0m19:22:03.321996 [debug] [MainThread]: On debug: select 1 as id
[0m19:22:03.322363 [debug] [MainThread]: Opening a new connection, currently in state init
[0m19:22:03.335507 [debug] [MainThread]: Postgres adapter: Got a retryable error when attempting to open a postgres connection.
1 attempts remaining. Retrying in 0 seconds.
Error:
could not translate host name "airflow_clean-postgres-1" to address: nodename nor servname provided, or not known

[0m19:22:03.338175 [debug] [MainThread]: Postgres adapter: Error running SQL: select 1 as id
[0m19:22:03.338615 [debug] [MainThread]: Postgres adapter: Rolling back transaction.
[0m19:22:03.339012 [debug] [MainThread]: On debug: No close available on handle
[0m19:22:03.339409 [info ] [MainThread]:   Connection test: [[31mERROR[0m]

[0m19:22:03.340001 [info ] [MainThread]: [31m2 checks failed:[0m
[0m19:22:03.340452 [info ] [MainThread]: Project loading failed for the following reason:
 project path </Users/nagasaigopaltarigopula/airflow_clean/dbt_project.yml> not found

[0m19:22:03.340938 [info ] [MainThread]: dbt was unable to connect to the specified database.
The database returned the following error:

  >Database Error
  could not translate host name "airflow_clean-postgres-1" to address: nodename nor servname provided, or not known
  

Check your database credentials and try again. For more information, visit:
https://docs.getdbt.com/docs/configure-your-profile


[0m19:22:03.343072 [debug] [MainThread]: Resource report: {"command_name": "debug", "command_success": false, "command_wall_clock_time": 0.6350549, "process_in_blocks": "0", "process_kernel_time": 0.60436, "process_mem_max_rss": "99921920", "process_out_blocks": "0", "process_user_time": 2.312021}
[0m19:22:03.343700 [debug] [MainThread]: Command `dbt debug` failed at 19:22:03.343559 after 0.64 seconds
[0m19:22:03.344130 [debug] [MainThread]: Connection 'debug' was properly closed.
[0m19:22:03.344647 [debug] [MainThread]: Sending event: {'category': 'dbt', 'action': 'invocation', 'label': 'end', 'context': [<snowplow_tracker.self_describing_json.SelfDescribingJson object at 0x1112d3700>, <snowplow_tracker.self_describing_json.SelfDescribingJson object at 0x1127a68b0>, <snowplow_tracker.self_describing_json.SelfDescribingJson object at 0x1127a6850>]}
[0m19:22:03.345180 [debug] [MainThread]: Flushing usage events
[0m19:22:04.159106 [debug] [MainThread]: An error was encountered while trying to flush usage events
[0m16:54:31.693529 [debug] [MainThread]: Sending event: {'category': 'dbt', 'action': 'invocation', 'label': 'start', 'context': [<snowplow_tracker.self_describing_json.SelfDescribingJson object at 0x108bef730>, <snowplow_tracker.self_describing_json.SelfDescribingJson object at 0x109c6c9a0>, <snowplow_tracker.self_describing_json.SelfDescribingJson object at 0x109c6c7c0>]}


============================== 16:54:31.706556 | 0c96e4b3-31e6-4055-8e71-b909313a5f13 ==============================
[0m16:54:31.706556 [info ] [MainThread]: Running with dbt=1.10.15
[0m16:54:31.707263 [debug] [MainThread]: running dbt with arguments {'target_path': 'None', 'debug': 'False', 'use_experimental_parser': 'False', 'warn_error_options': 'WarnErrorOptionsV2(error=[], warn=[], silence=[])', 'static_parser': 'True', 'no_print': 'None', 'invocation_command': 'dbt deps', 'indirect_selection': 'eager', 'fail_fast': 'False', 'partial_parse': 'True', 'warn_error': 'None', 'empty': 'None', 'introspect': 'True', 'printer_width': '80', 'quiet': 'False', 'send_anonymous_usage_stats': 'True', 'log_cache_events': 'False', 'use_colors': 'True', 'profiles_dir': '/Users/nagasaigopaltarigopula/.dbt', 'write_json': 'True', 'cache_selected_only': 'False', 'log_path': 'logs', 'log_format': 'default', 'version_check': 'True'}
[0m16:54:31.708355 [error] [MainThread]: Encountered an error:
Runtime Error
  No dbt_project.yml found at expected path /Users/nagasaigopaltarigopula/airflow_clean/dbt_project.yml
  Verify that each entry within packages.yml (and their transitive dependencies) contains a file named dbt_project.yml
  
[0m16:54:31.712582 [debug] [MainThread]: Resource report: {"command_name": "deps", "command_success": false, "command_wall_clock_time": 0.14268298, "process_in_blocks": "0", "process_kernel_time": 0.657284, "process_mem_max_rss": "89923584", "process_out_blocks": "0", "process_user_time": 2.364548}
[0m16:54:31.713297 [debug] [MainThread]: Command `dbt deps` failed at 16:54:31.713143 after 0.14 seconds
[0m16:54:31.713752 [debug] [MainThread]: Sending event: {'category': 'dbt', 'action': 'invocation', 'label': 'end', 'context': [<snowplow_tracker.self_describing_json.SelfDescribingJson object at 0x108bef730>, <snowplow_tracker.self_describing_json.SelfDescribingJson object at 0x109c55070>, <snowplow_tracker.self_describing_json.SelfDescribingJson object at 0x109c55a00>]}
[0m16:54:31.714223 [debug] [MainThread]: Flushing usage events
[0m16:54:32.550688 [debug] [MainThread]: An error was encountered while trying to flush usage events
[0m22:33:06.028701 [debug] [MainThread]: Sending event: {'category': 'dbt', 'action': 'invocation', 'label': 'start', 'context': [<snowplow_tracker.self_describing_json.SelfDescribingJson object at 0x10d85b6d0>, <snowplow_tracker.self_describing_json.SelfDescribingJson object at 0x10e8d7af0>, <snowplow_tracker.self_describing_json.SelfDescribingJson object at 0x10e8d7910>]}


============================== 22:33:06.037798 | ee7ebbbe-9695-4330-a026-b976f4347c39 ==============================
[0m22:33:06.037798 [info ] [MainThread]: Running with dbt=1.10.15
[0m22:33:06.038801 [debug] [MainThread]: running dbt with arguments {'log_cache_events': 'False', 'write_json': 'True', 'send_anonymous_usage_stats': 'True', 'no_print': 'None', 'invocation_command': 'dbt debug', 'log_path': 'logs', 'empty': 'None', 'fail_fast': 'False', 'warn_error_options': 'WarnErrorOptionsV2(error=[], warn=[], silence=[])', 'profiles_dir': '/Users/nagasaigopaltarigopula/.dbt', 'indirect_selection': 'eager', 'target_path': 'None', 'partial_parse': 'True', 'use_experimental_parser': 'False', 'use_colors': 'True', 'log_format': 'default', 'warn_error': 'None', 'static_parser': 'True', 'printer_width': '80', 'quiet': 'False', 'version_check': 'True', 'debug': 'False', 'cache_selected_only': 'False', 'introspect': 'True'}
[0m22:33:06.087993 [info ] [MainThread]: dbt version: 1.10.15
[0m22:33:06.088637 [info ] [MainThread]: python version: 3.9.6
[0m22:33:06.089158 [info ] [MainThread]: python path: /Library/Developer/CommandLineTools/usr/bin/python3
[0m22:33:06.089617 [info ] [MainThread]: os info: macOS-13.7.8-x86_64-i386-64bit
[0m22:33:06.267520 [info ] [MainThread]: Using profiles dir at /Users/nagasaigopaltarigopula/.dbt
[0m22:33:06.268797 [info ] [MainThread]: Using profiles.yml file at /Users/nagasaigopaltarigopula/.dbt/profiles.yml
[0m22:33:06.269306 [info ] [MainThread]: Using dbt_project.yml file at /Users/nagasaigopaltarigopula/airflow_clean/dbt_project.yml
[0m22:33:06.270673 [info ] [MainThread]: adapter type: postgres
[0m22:33:06.271492 [info ] [MainThread]: adapter version: 1.9.1
[0m22:33:06.272197 [info ] [MainThread]: Configuration:
[0m22:33:06.272784 [info ] [MainThread]:   profiles.yml file [[32mOK found and valid[0m]
[0m22:33:06.273409 [info ] [MainThread]:   dbt_project.yml file [[31mERROR not found[0m]
[0m22:33:06.273887 [info ] [MainThread]: Required dependencies:
[0m22:33:06.274396 [debug] [MainThread]: Executing "git --help"
[0m22:33:06.297269 [debug] [MainThread]: STDOUT: "b"usage: git [--version] [--help] [-C <path>] [-c name=value]\n           [--exec-path[=<path>]] [--html-path] [--man-path] [--info-path]\n           [-p | --paginate | --no-pager] [--no-replace-objects] [--bare]\n           [--git-dir=<path>] [--work-tree=<path>] [--namespace=<name>]\n           <command> [<args>]\n\nThese are common Git commands used in various situations:\n\nstart a working area (see also: git help tutorial)\n   clone      Clone a repository into a new directory\n   init       Create an empty Git repository or reinitialize an existing one\n\nwork on the current change (see also: git help everyday)\n   add        Add file contents to the index\n   mv         Move or rename a file, a directory, or a symlink\n   reset      Reset current HEAD to the specified state\n   rm         Remove files from the working tree and from the index\n\nexamine the history and state (see also: git help revisions)\n   bisect     Use binary search to find the commit that introduced a bug\n   grep       Print lines matching a pattern\n   log        Show commit logs\n   show       Show various types of objects\n   status     Show the working tree status\n\ngrow, mark and tweak your common history\n   branch     List, create, or delete branches\n   checkout   Switch branches or restore working tree files\n   commit     Record changes to the repository\n   diff       Show changes between commits, commit and working tree, etc\n   merge      Join two or more development histories together\n   rebase     Reapply commits on top of another base tip\n   tag        Create, list, delete or verify a tag object signed with GPG\n\ncollaborate (see also: git help workflows)\n   fetch      Download objects and refs from another repository\n   pull       Fetch from and integrate with another repository or a local branch\n   push       Update remote refs along with associated objects\n\n'git help -a' and 'git help -g' list available subcommands and some\nconcept guides. See 'git help <command>' or 'git help <concept>'\nto read about a specific subcommand or concept.\n""
[0m22:33:06.298569 [debug] [MainThread]: STDERR: "b''"
[0m22:33:06.299200 [info ] [MainThread]:  - git [[32mOK found[0m]

[0m22:33:06.299675 [info ] [MainThread]: Connection:
[0m22:33:06.300259 [info ] [MainThread]:   host: localhost
[0m22:33:06.300664 [info ] [MainThread]:   port: 5432
[0m22:33:06.301037 [info ] [MainThread]:   user: airflow
[0m22:33:06.301398 [info ] [MainThread]:   database: airflow
[0m22:33:06.301751 [info ] [MainThread]:   schema: public
[0m22:33:06.302135 [info ] [MainThread]:   connect_timeout: 10
[0m22:33:06.302689 [info ] [MainThread]:   role: None
[0m22:33:06.303796 [info ] [MainThread]:   search_path: None
[0m22:33:06.304378 [info ] [MainThread]:   keepalives_idle: 0
[0m22:33:06.305038 [info ] [MainThread]:   sslmode: None
[0m22:33:06.305397 [info ] [MainThread]:   sslcert: None
[0m22:33:06.305946 [info ] [MainThread]:   sslkey: None
[0m22:33:06.306619 [info ] [MainThread]:   sslrootcert: None
[0m22:33:06.307105 [info ] [MainThread]:   application_name: dbt
[0m22:33:06.307503 [info ] [MainThread]:   retries: 1
[0m22:33:06.308305 [info ] [MainThread]: Registered adapter: postgres=1.9.1
[0m22:33:06.653663 [debug] [MainThread]: Acquiring new postgres connection 'debug'
[0m22:33:06.751377 [debug] [MainThread]: Using postgres connection "debug"
[0m22:33:06.752053 [debug] [MainThread]: On debug: select 1 as id
[0m22:33:06.752441 [debug] [MainThread]: Opening a new connection, currently in state init
[0m22:33:06.864079 [debug] [MainThread]: SQL status: SELECT 1 in 0.112 seconds
[0m22:33:06.865675 [debug] [MainThread]: On debug: Close
[0m22:33:06.866460 [info ] [MainThread]:   Connection test: [[32mOK connection ok[0m]

[0m22:33:06.867189 [info ] [MainThread]: [31m1 check failed:[0m
[0m22:33:06.867761 [info ] [MainThread]: Project loading failed for the following reason:
 project path </Users/nagasaigopaltarigopula/airflow_clean/dbt_project.yml> not found

[0m22:33:06.870129 [debug] [MainThread]: Resource report: {"command_name": "debug", "command_success": false, "command_wall_clock_time": 0.95255893, "process_in_blocks": "0", "process_kernel_time": 0.681434, "process_mem_max_rss": "102526976", "process_out_blocks": "0", "process_user_time": 2.343479}
[0m22:33:06.870903 [debug] [MainThread]: Command `dbt debug` failed at 22:33:06.870752 after 0.95 seconds
[0m22:33:06.871340 [debug] [MainThread]: Connection 'debug' was properly closed.
[0m22:33:06.871738 [debug] [MainThread]: Sending event: {'category': 'dbt', 'action': 'invocation', 'label': 'end', 'context': [<snowplow_tracker.self_describing_json.SelfDescribingJson object at 0x10d85b6d0>, <snowplow_tracker.self_describing_json.SelfDescribingJson object at 0x10ed25820>, <snowplow_tracker.self_describing_json.SelfDescribingJson object at 0x10ed25c70>]}
[0m22:33:06.872255 [debug] [MainThread]: Flushing usage events
[0m22:33:07.372379 [debug] [MainThread]: An error was encountered while trying to flush usage events
